{"C:\\Users\\linfuxiang\\Desktop\\jest-test\\src\\App.vue": {"path":"C:\\Users\\linfuxiang\\Desktop\\jest-test\\src\\App.vue","statementMap":{"0":{"start":{"line":2,"column":0},"end":{"line":null,"column":-1}},"1":{"start":{"line":3,"column":0},"end":{"line":null,"column":-1}},"2":{"start":{"line":7,"column":4},"end":{"line":null,"column":-1}}},"fnMap":{"0":{"name":"data","decl":{"start":{"line":4,"column":15},"end":{"line":6,"column":9}},"loc":{"start":{"line":6,"column":10},"end":{"line":4,"column":15}}},"1":{"name":"mounted","decl":{"start":{"line":4,"column":15},"end":{"line":18,"column":11}},"loc":{"start":{"line":18,"column":12},"end":{"line":19,"column":3}}}},"branchMap":{},"s":{"0":1,"1":1,"2":3},"f":{"0":3,"1":3},"b":{}}
,"C:\\Users\\linfuxiang\\Desktop\\jest-test\\src\\components\\cmp1.vue": {"path":"C:\\Users\\linfuxiang\\Desktop\\jest-test\\src\\components\\cmp1.vue","statementMap":{"0":{"start":{"line":5,"column":4},"end":{"line":null,"column":-1}}},"fnMap":{"0":{"name":"data","decl":{"start":{"line":2,"column":15},"end":{"line":4,"column":9}},"loc":{"start":{"line":4,"column":10},"end":{"line":2,"column":15}}}},"branchMap":{},"s":{"0":2},"f":{"0":2},"b":{}}
,"C:\\Users\\linfuxiang\\Desktop\\jest-test\\src\\components\\cmp2.vue": {"path":"C:\\Users\\linfuxiang\\Desktop\\jest-test\\src\\components\\cmp2.vue","statementMap":{"0":{"start":{"line":5,"column":4},"end":{"line":null,"column":-1}}},"fnMap":{"0":{"name":"data","decl":{"start":{"line":2,"column":15},"end":{"line":4,"column":9}},"loc":{"start":{"line":4,"column":10},"end":{"line":2,"column":15}}}},"branchMap":{},"s":{"0":1},"f":{"0":1},"b":{}}
}
