{"C:\\Users\\linfuxiang\\Desktop\\jest-test\\src\\App.vue": {"path":"C:\\Users\\linfuxiang\\Desktop\\jest-test\\src\\App.vue","statementMap":{"0":{"start":{"line":2,"column":0},"end":{"line":null,"column":-1}},"1":{"start":{"line":3,"column":0},"end":{"line":null,"column":-1}},"2":{"start":{"line":7,"column":4},"end":{"line":null,"column":-1}},"3":{"start":{"line":18,"column":6},"end":{"line":null,"column":-1}},"4":{"start":{"line":22,"column":4},"end":{"line":null,"column":-1}}},"fnMap":{"0":{"name":"data","decl":{"start":{"line":4,"column":15},"end":{"line":6,"column":9}},"loc":{"start":{"line":6,"column":10},"end":{"line":4,"column":15}}},"1":{"name":"checkoutCmp","decl":{"start":{"line":16,"column":11},"end":{"line":17,"column":17}},"loc":{"start":{"line":17,"column":18},"end":{"line":19,"column":5}}},"2":{"name":"mounted","decl":{"start":{"line":4,"column":15},"end":{"line":21,"column":11}},"loc":{"start":{"line":21,"column":12},"end":{"line":23,"column":3}}}},"branchMap":{"0":{"loc":{"start":{"line":18,"column":52},"end":{"line":18,"column":24}},"type":"cond-expr","locations":[{"start":{"line":18,"column":52},"end":{"line":18,"column":24}},{"start":{"line":18,"column":61},"end":{"line":18,"column":6}}]}},"s":{"0":1,"1":1,"2":1,"3":2,"4":1},"f":{"0":1,"1":2,"2":1},"b":{"0":[1,1]}}
,"C:\\Users\\linfuxiang\\Desktop\\jest-test\\src\\components\\cmp1.vue": {"path":"C:\\Users\\linfuxiang\\Desktop\\jest-test\\src\\components\\cmp1.vue","statementMap":{"0":{"start":{"line":5,"column":4},"end":{"line":null,"column":-1}}},"fnMap":{"0":{"name":"data","decl":{"start":{"line":2,"column":15},"end":{"line":4,"column":9}},"loc":{"start":{"line":4,"column":10},"end":{"line":2,"column":15}}}},"branchMap":{},"s":{"0":2},"f":{"0":2},"b":{}}
,"C:\\Users\\linfuxiang\\Desktop\\jest-test\\src\\components\\cmp2.vue": {"path":"C:\\Users\\linfuxiang\\Desktop\\jest-test\\src\\components\\cmp2.vue","statementMap":{"0":{"start":{"line":5,"column":4},"end":{"line":null,"column":-1}}},"fnMap":{"0":{"name":"data","decl":{"start":{"line":2,"column":15},"end":{"line":4,"column":9}},"loc":{"start":{"line":4,"column":10},"end":{"line":2,"column":15}}}},"branchMap":{},"s":{"0":1},"f":{"0":1},"b":{}}
}
