TN:
SF:C:\Users\linfuxiang\Desktop\jest-test\src\App.vue
FN:4,data
FN:16,checkoutCmp
FN:4,mounted
FNF:3
FNH:3
FNDA:1,data
FNDA:2,checkoutCmp
FNDA:1,mounted
DA:2,1
DA:3,1
DA:7,1
DA:18,2
DA:22,1
LF:5
LH:5
BRDA:18,0,0,1
BRDA:18,0,1,1
BRF:2
BRH:2
end_of_record
TN:
SF:C:\Users\linfuxiang\Desktop\jest-test\src\components\cmp1.vue
FN:2,data
FNF:1
FNH:1
FNDA:2,data
DA:5,2
LF:1
LH:1
BRF:0
BRH:0
end_of_record
TN:
SF:C:\Users\linfuxiang\Desktop\jest-test\src\components\cmp2.vue
FN:2,data
FNF:1
FNH:1
FNDA:1,data
DA:5,1
LF:1
LH:1
BRF:0
BRH:0
end_of_record
